[01:03:26] [main/INFO]: Loading Minecraft 1.21.1 with Fabric Loader 0.18.2
[01:03:26] [main/WARN]: Warnings were found!
 - Mod 'Debugify' (debugify) 1.21.1+1.0 recommends any version of yet_another_config_lib_v3, which is missing!
	 - You should install any version of yet_another_config_lib_v3 for the optimal experience.
 - Mod 'Debugify' (debugify) 1.21.1+1.0 recommends any version of modmenu, which is missing!
	 - You should install any version of modmenu for the optimal experience.
[01:03:26] [main/INFO]: Loading 111 mods:
	- alternate-current 1.9.0
	- another_furniture 4.0.2
	- bosses_of_mass_destruction 1.10.2-1.21.1
	   \-- multipart_entities 1.7-1.21
	- cardinal-components 6.1.3
	   |-- cardinal-components-base 6.1.3
	   |-- cardinal-components-block 6.1.3
	   |-- cardinal-components-chunk 6.1.3
	   |-- cardinal-components-entity 6.1.3
	   |-- cardinal-components-item 6.1.3
	   |-- cardinal-components-level 6.1.3
	   |-- cardinal-components-scoreboard 6.1.3
	   \-- cardinal-components-world 6.1.3
	- carpet 1.4.147+v240613
	- carpet-sls-addition 0.23.0
	   \-- fabric-permissions-api-v0 0.3.1
	- chunksending 1.21-2.8
	- chunky 1.4.23
	- cloth-config 15.0.140
	   \-- cloth-basic-math 0.6.1
	- clumps 19.0.0.1
	- cupboard 1.21-2.9
	- deadsimplebags 1.2.0+1.21
	   |-- polymer-core 0.9.9+1.21
	   |    |-- polymer-networking 0.9.9+1.21
	   |    |    \-- polymer-common 0.9.9+1.21
	   |    |         \-- packet_tweaker 0.5.5+1.21
	   |    \-- polymer-registry-sync-manipulator 0.9.9+1.21
	   \-- server_translations_api 2.3.1+1.21-pre2
	- debugify 1.21.1+1.0
	- fabric-api 0.116.7+1.21.1
	   |-- fabric-api-base 0.4.42+6573ed8c19
	   |-- fabric-api-lookup-api-v1 1.6.71+b559734419
	   |-- fabric-biome-api-v1 13.0.31+d527f9fd19
	   |-- fabric-block-api-v1 1.1.0+0bc3503219
	   |-- fabric-block-view-api-v2 1.0.11+ebb2264e19
	   |-- fabric-blockrenderlayer-v1 1.1.52+0af3f5a719
	   |-- fabric-client-tags-api-v1 1.1.15+6573ed8c19
	   |-- fabric-command-api-v1 1.2.49+f71b366f19
	   |-- fabric-command-api-v2 2.2.28+6ced4dd919
	   |-- fabric-commands-v0 0.2.66+df3654b319
	   |-- fabric-content-registries-v0 8.0.19+b559734419
	   |-- fabric-convention-tags-v1 2.1.5+7f945d5b19
	   |-- fabric-convention-tags-v2 2.11.1+a406e79519
	   |-- fabric-crash-report-info-v1 0.2.29+0af3f5a719
	   |-- fabric-data-attachment-api-v1 1.4.5+6116a37819
	   |-- fabric-data-generation-api-v1 20.2.34+37516cd619
	   |-- fabric-dimensions-v1 4.0.1+65213ef819
	   |-- fabric-entity-events-v1 1.8.0+2b27e0a419
	   |-- fabric-events-interaction-v0 0.7.13+ba9dae0619
	   |-- fabric-game-rule-api-v1 1.0.53+6ced4dd919
	   |-- fabric-item-api-v1 11.2.0+3b3cb2e819
	   |-- fabric-item-group-api-v1 4.1.7+def88e3a19
	   |-- fabric-key-binding-api-v1 1.0.47+0af3f5a719
	   |-- fabric-keybindings-v0 0.2.45+df3654b319
	   |-- fabric-lifecycle-events-v1 2.6.0+0865547519
	   |-- fabric-loot-api-v2 3.0.15+3f89f5a519
	   |-- fabric-loot-api-v3 1.0.3+3f89f5a519
	   |-- fabric-message-api-v1 6.0.14+8aaf3aca19
	   |-- fabric-model-loading-api-v1 2.1.0+b4d813fc19
	   |-- fabric-networking-api-v1 4.3.0+c7469b2119
	   |-- fabric-object-builder-api-v1 15.2.1+40875a9319
	   |-- fabric-particles-v1 4.0.2+6573ed8c19
	   |-- fabric-recipe-api-v1 5.0.15+2475392c19
	   |-- fabric-registry-sync-v0 5.3.1+e3eddc2119
	   |-- fabric-renderer-api-v1 3.4.1+b4d813fc19
	   |-- fabric-renderer-indigo 1.7.1+c705a49c19
	   |-- fabric-renderer-registries-v1 3.2.69+df3654b319
	   |-- fabric-rendering-data-attachment-v1 0.3.49+73761d2e19
	   |-- fabric-rendering-fluids-v1 3.1.6+1daea21519
	   |-- fabric-rendering-v0 1.1.72+df3654b319
	   |-- fabric-rendering-v1 5.1.0+ab4c25a019
	   |-- fabric-resource-conditions-api-v1 4.3.0+8dc279b119
	   |-- fabric-resource-loader-v0 1.3.1+5b5275af19
	   |-- fabric-screen-api-v1 2.0.25+8b68f1c719
	   |-- fabric-screen-handler-api-v1 1.3.90+b559734419
	   |-- fabric-sound-api-v1 1.0.23+6573ed8c19
	   |-- fabric-transfer-api-v1 5.4.3+c24bd99419
	   \-- fabric-transitive-access-wideners-v1 6.2.0+45b9699719
	- fabric-language-kotlin 1.13.8+kotlin.2.3.0
	   |-- org_jetbrains_kotlin_kotlin-reflect 2.3.0
	   |-- org_jetbrains_kotlin_kotlin-stdlib 2.3.0
	   |-- org_jetbrains_kotlin_kotlin-stdlib-jdk7 2.3.0
	   |-- org_jetbrains_kotlin_kotlin-stdlib-jdk8 2.3.0
	   |-- org_jetbrains_kotlinx_atomicfu-jvm 0.29.0
	   |-- org_jetbrains_kotlinx_kotlinx-coroutines-core-jvm 1.10.2
	   |-- org_jetbrains_kotlinx_kotlinx-coroutines-jdk8 1.10.2
	   |-- org_jetbrains_kotlinx_kotlinx-datetime-jvm 0.7.1
	   |-- org_jetbrains_kotlinx_kotlinx-io-bytestring-jvm 0.8.2
	   |-- org_jetbrains_kotlinx_kotlinx-io-core-jvm 0.8.2
	   |-- org_jetbrains_kotlinx_kotlinx-serialization-cbor-jvm 1.9.0
	   |-- org_jetbrains_kotlinx_kotlinx-serialization-core-jvm 1.9.0
	   \-- org_jetbrains_kotlinx_kotlinx-serialization-json-jvm 1.9.0
	- fabricloader 0.18.2
	   \-- mixinextras 0.5.0
	- ferritecore 7.0.3
	- framework 0.13.10
	   |-- com_electronwill_night-config_core 3.7.1
	   |-- com_electronwill_night-config_toml 3.7.1
	   |-- org_javassist_javassist 3.29.2-GA
	   \-- org_reflections_reflections 0.10.2
	- geckolib 4.8.3
	- immersive_optimization 0.1.0
	- java 21
	- krypton 0.2.8
	   \-- com_velocitypowered_velocity-native 3.3.0-SNAPSHOT
	- ksyxis 1.3.4
	- lithium 0.15.1+mc1.21.1
	- minecraft 1.21.1
	- noisium 2.3.0+mc1.21-1.21.1
	- pfm 1.4.4
	- refurbished_furniture 1.0.22
	- servercore 1.5.5+1.21.1
	   |-- fabric-permissions-api-v0 0.3.1
	   |-- org_yaml_snakeyaml 2.2
	   |-- placeholder-api 2.4.1+1.21
	   |-- space_arim_dazzleconf_dazzleconf-core 1.3.0-M2
	   \-- space_arim_dazzleconf_dazzleconf-ext-snakeyaml 1.3.0-M2
	- skinrestorer 2.4.3+1.21-fabric
	   \-- org_mineskin_java-client 3.0.6-SNAPSHOT
	- smoothchunk 1.21-4.1
	- spark 1.10.109
	   \-- fabric-permissions-api-v0 0.3.1
	- vmp 0.2.0+beta.7.172+1.21.1
	   \-- com_ibm_async_asyncutil 0.1.0
[01:03:27] [main/INFO]: SpongePowered MIXIN Subsystem Version=0.8.7 Source=file:/workspaces/MC/servidor_minecraft/libraries/net/fabricmc/sponge-mixin/0.16.5+mixin.0.8.7/sponge-mixin-0.16.5+mixin.0.8.7.jar Service=Knot/Fabric Env=SERVER
[01:03:27] [main/INFO]: Compatibility level set to JAVA_16
[01:03:27] [main/INFO]: Compatibility level set to JAVA_21
[01:03:29] [main/INFO]: Option 'mixin.entity.collisions.fluid' requires 'mixin.util.block_tracking=true' but found 'false'. Setting 'mixin.entity.collisions.fluid=false'.
[01:03:29] [main/INFO]: Option 'mixin.experimental.entity.block_caching.block_support' requires 'mixin.util.block_tracking=true' but found 'false'. Setting 'mixin.experimental.entity.block_caching.block_support=false'.
[01:03:29] [main/INFO]: Option 'mixin.experimental.entity.block_caching.fluid_pushing' requires 'mixin.util.block_tracking=true' but found 'false'. Setting 'mixin.experimental.entity.block_caching.fluid_pushing=false'.
[01:03:29] [main/INFO]: Option 'mixin.experimental.entity.block_caching.block_touching' requires 'mixin.util.block_tracking=true' but found 'false'. Setting 'mixin.experimental.entity.block_caching.block_touching=false'.
[01:03:29] [main/INFO]: Option 'mixin.experimental.entity.block_caching.suffocation' requires 'mixin.util.block_tracking=true' but found 'false'. Setting 'mixin.experimental.entity.block_caching.suffocation=false'.
[01:03:29] [main/INFO]: Option 'mixin.experimental.entity.block_caching' requires 'mixin.util.block_tracking=true' but found 'false'. Setting 'mixin.experimental.entity.block_caching=false'.
[01:03:29] [main/INFO]: Loaded configuration file for Lithium: 149 options available, 1 override(s) found
[01:03:29] [main/INFO]: Successfully started async appender with [ServerGuiConsole, SysOut, File]
[01:03:32] [main/WARN]: Force disabled MC-135971 because it's conflicting with: carpet
[01:03:33] [main/WARN]: Error loading class: net/blay09/mods/cookingforblockheads/block/entity/ModBlockEntities (java.lang.ClassNotFoundException: net/blay09/mods/cookingforblockheads/block/entity/ModBlockEntities)
[01:03:33] [main/WARN]: @Mixin target net.blay09.mods.cookingforblockheads.block.entity.ModBlockEntities was not found pfm.mixins.json:PFMCFBModBlockEntitiesMixin from mod pfm
[01:03:33] [main/WARN]: Error loading class: vectorwing/farmersdelight/common/block/entity/CookingPotBlockEntity (java.lang.ClassNotFoundException: vectorwing/farmersdelight/common/block/entity/CookingPotBlockEntity)
[01:03:33] [main/WARN]: Error loading class: me/jellysquid/mods/lithium/common/world/chunk/LithiumHashPalette (java.lang.ClassNotFoundException: me/jellysquid/mods/lithium/common/world/chunk/LithiumHashPalette)
[01:03:34] [main/INFO]: Initializing MixinExtras via com.llamalad7.mixinextras.service.MixinExtrasServiceImpl(version=0.5.0).
[01:03:45] [main/INFO]: Loaded config for: chunksending.json
[01:03:45] [main/INFO]: chunksending mod initialized
[01:03:45] [main/INFO]: Loaded config for: cupboard.json
[01:03:45] [main/INFO]: Registering deadsimplebags components
[01:03:45] [main/INFO]: Registering deadsimplebags items
[01:03:45] [main/INFO]: Enabled 28 bug fixes: [MC-2025, MC-7569, MC-8187, MC-30391, MC-69216, MC-88371, MC-89146, MC-93018, MC-100991, MC-119417, MC-119754, MC-121706, MC-121903, MC-129909, MC-132878, MC-135971, MC-155509, MC-160095, MC-179072, MC-183990, MC-199467, MC-200418, MC-206922, MC-215530, MC-223153, MC-224729, MC-231743, MC-232869]
[01:03:45] [main/INFO]: Successfully Debugify'd your game!
[01:03:47] [main/INFO]: Reflections took 757 ms to scan 1 urls, producing 9 keys and 76 values
[01:03:49] [main/ERROR]: No data fixer registered for seat
[01:03:49] [main/INFO]: Compression will use libdeflate (Linux x86_64), encryption will use OpenSSL 3.0.x (Linux x86_64)
[01:03:49] [main/INFO]: Ksyxis: Booting... (platform: Fabric/KFabric, manual: false)
[01:03:49] [main/INFO]: Ksyxis: Ready. As always, this mod will speed up your world loading and might or might not break it. (mixinVersion: 0.8.7, time: 1 ms)
[01:03:49] [main/INFO]: Loading Noisium.
[01:03:50] [Thread-3/INFO]: [Paladin's Furniture Update Check] Cached update file detected, using that!
[01:03:50] [main/INFO]: Registering pfm components
[01:03:50] [main/ERROR]: No data fixer registered for chair
[01:03:50] [main/INFO]: Registered synced data key refurbished_furniture:lock_yaw for refurbished_furniture:seat
[01:03:51] [main/INFO]: [ServerCore] Loaded V1.5.5+1.21.1!
[01:03:52] [main/INFO]: Krypton is now accelerating your Minecraft server's networking stack 🚀
[01:03:52] [main/WARN]: Found block type with duplicate id (minecraft:oak), skipping
[01:03:54] [main/INFO]: Environment: Environment[sessionHost=https://sessionserver.mojang.com, servicesHost=https://api.minecraftservices.com, name=PROD]
[01:03:55] [main/INFO]: Data Hash for Game Data and Variant List matched, skipping generation
[01:03:56] [Worker-Main-1/WARN]: @Redirect conflict. Skipping cupboard.mixins.json:CommandExceptionLoggingMixin from mod cupboard->@Redirect::cupboard$logCommandError(Lorg/slf4j/Logger;)Z with priority 200, already redirected by carpet.mixins.json:Commands_customCommandsMixin from mod carpet->@Redirect::doesOutputCommandStackTrace(Lorg/slf4j/Logger;)Z with priority 1000
[01:03:58] [main/INFO]: Loaded 2390 recipes
[01:03:58] [main/INFO]: Loaded 2463 advancements
[01:03:58] [Thread-6/INFO]: Loaded 13 translation keys
[01:04:01] [main/INFO]: Applied 0 biome modifications to 0 of 64 new biomes in 5.200 ms
[01:04:01] [Server thread/INFO]: Loading server configs...
[01:04:01] [Server thread/INFO]: Starting background profiler...
[01:04:02] [Server thread/INFO]: Starting minecraft server version 1.21.1
[01:04:02] [Server thread/INFO]: Loading properties
[01:04:02] [Server thread/INFO]: Default game type: SURVIVAL
[01:04:02] [Server thread/INFO]: Generating keypair
[01:04:02] [Server thread/INFO]: Starting Minecraft server on *:25565
[01:04:02] [Server thread/INFO]: Using epoll channel type
[01:04:02] [Server thread/WARN]: **** SERVER IS RUNNING IN OFFLINE/INSECURE MODE!
[01:04:02] [Server thread/WARN]: The server will make no attempt to authenticate usernames. Beware.
[01:04:02] [Server thread/WARN]: While this makes the game possible to play without internet access, it also opens up the ability for hackers to connect with any username they choose.
[01:04:02] [Server thread/WARN]: To change this, set "online-mode" to "true" in the server.properties file.
[01:04:02] [Server thread/INFO]: Preparing level "world"
[01:04:02] [Server thread/INFO]: [CM] Loaded 9 settings from carpet.conf
[01:04:03] [Server thread/INFO]: Changing watch distance to 7
[01:04:14] [Server thread/INFO]: Changing watch distance to 7
[01:04:14] [Server thread/INFO]: Changing watch distance to 7
[01:04:14] [Server thread/INFO]: Ksyxis: Hey. This is Ksyxis. We will now load the world and will try to do it quickly. If the game is not responding after this, it's probably us to blame or delete for good. This message appears always, even if the mod works flawlessly. (injector: modern, ci: CallbackInfo[TYPE=CallbackInfo,NAME=method_3774,CANCELLABLE=false], server: net.minecraft.class_3176@3648251a)
[01:04:14] [Server thread/INFO]: Preparing start region for dimension minecraft:overworld
[01:04:14] [Server thread/INFO]: Time elapsed: 30 ms
[01:04:14] [Server thread/INFO]: Done (12.080s)! For help, type "help"
[01:04:14] [Server thread/INFO]: Loaded config for: smoothchunk.json
[01:06:54] [Server thread/INFO]: Anasimandro[/127.89.98.153:54717] logged in with entity id 1 at (2868.911120935989, 69.0, 395.35776464307156)
[01:06:55] [Server thread/INFO]: Anasimandro joined the game
[01:06:56] [Server thread/INFO]: [STDOUT]: Lithium Cached BlockState Flags are disabled!
[01:06:56] [Server thread/WARN]: Can't keep up! Is the server overloaded? Running 2073ms or 41 ticks behind
[01:09:47] [Server thread/INFO]: Steve[local] logged in with entity id 679 at (2875.6491114941573, 63.0, 383.6412128377039)
[01:09:47] [Server thread/INFO]: Steve joined the game
[01:09:59] [Server thread/INFO]: [Anasimandro: Teleported Steve to Anasimandro]
[01:11:26] [spark-worker-pool-1-thread-1/INFO]: [⚡] Starting a new profiler, please wait...
[01:11:26] [spark-worker-pool-1-thread-1/INFO]: [⚡] Profiler is now running! (async)
[01:11:26] [spark-worker-pool-1-thread-1/INFO]: [⚡] It will run in the background until it is stopped by an admin.
[01:11:26] [spark-worker-pool-1-thread-1/INFO]: [⚡] To stop the profiler and upload the results, run:
[01:11:26] [spark-worker-pool-1-thread-1/INFO]: [⚡]   /spark profiler stop
[01:11:26] [spark-worker-pool-1-thread-1/INFO]: [⚡] To view the profiler while it's running, run:
[01:11:26] [spark-worker-pool-1-thread-1/INFO]: [⚡]   /spark profiler open
